            --------------------------------------------------------
                             AMBER SQM VERSION 19
 
                                     By
              Ross C. Walker, Michael F. Crowley, Scott Brozell,
                         Tim Giese, Andreas W. Goetz,
                        Tai-Sung Lee and David A. Case
 
            --------------------------------------------------------
 

--------------------------------------------------------------------------------
  QM CALCULATION INFO
--------------------------------------------------------------------------------

| QMMM: Citation for AMBER QMMM Run:
| QMMM: R.C. Walker, M.F. Crowley and D.A. Case, J. COMP. CHEM. 29:1019, 2008

QMMM: SINGLET STATE CALCULATION
QMMM: RHF CALCULATION, NO. OF DOUBLY OCCUPIED LEVELS = 52

| QMMM: *** Selected Hamiltonian *** 
| QMMM: AM1         

| QMMM: *** Parameter sets in use ***
| QMMM: C : M.J.S.DEWAR et al. JACS, 107, 3902, (1985)
| QMMM: O : M.J.S.DEWAR et al. JACS, 107, 3902, (1985)
| QMMM: H : M.J.S.DEWAR et al. JACS, 107, 3902, (1985)

| QMMM: *** SCF convergence criteria ***
| QMMM: Energy change                :  0.1D-09 kcal/mol
| QMMM: Error matrix |FP-PF|         :  0.1D+00 au
| QMMM: Density matrix change        :  0.5D-06
| QMMM: Maximum number of SCF cycles :     1000

| QMMM: *** Diagonalization Routine Information ***
| QMMM: Pseudo diagonalizations are allowed.
| QMMM: Auto diagonalization routine selection is in use.
| QMMM:
| QMMM: Timing diagonalization routines:
| QMMM:                              norbs =       94
| QMMM:    diag iterations used for timing =       15
| QMMM:
| QMMM:              Internal diag routine = 0.015009 seconds
| QMMM:                 Dspev diag routine = 0.023024 seconds
| QMMM:                Dspevd diag routine = 0.020881 seconds
| QMMM:                Dspevx diag routine = 0.062188 seconds
| QMMM:                 Dsyev diag routine = 0.014772 seconds
| QMMM:                Dsyevd diag routine = 0.008527 seconds
| QMMM:                Dsyevr diag routine = 0.011637 seconds
| QMMM:
| QMMM:                Pseudo diag routine = 0.005616 seconds
| QMMM:
| QMMM: Using dsyevd routine (diag_routine=6).

  QMMM: QM Region Cartesian Coordinates (*=link atom) 
  QMMM: QM_NO.   MM_NO.  ATOM         X         Y         Z
  QMMM:     1        1      C        0.9860   -0.0420    0.1060
  QMMM:     2        2      C        2.5010   -0.0060    0.1190
  QMMM:     3        3      O        2.9850   -1.1850   -0.5190
  QMMM:     4        4      C        4.4100   -1.2120   -0.5390
  QMMM:     5        5      C        4.8830   -2.4840   -1.2290
  QMMM:     6        6      O        6.3080   -2.4980   -1.2420
  QMMM:     7        7      C        6.8060   -3.6720   -1.8810
  QMMM:     8        8      C        8.3270   -3.6380   -1.8650
  QMMM:     9        9      O        8.8220   -4.8130   -2.5020
  QMMM:    10       10      C       10.2470   -4.8300   -2.5140
  QMMM:    11       11      C       10.7190   -6.1020   -3.2010
  QMMM:    12       12      O       12.1430   -6.1230   -3.2140
  QMMM:    13       13      C       12.6380   -7.3000   -3.8500
  QMMM:    14       14      C       14.1590   -7.2660   -3.8370
  QMMM:    15       15      O       14.6650   -8.4380   -4.4710
  QMMM:    16       16      C       16.0900   -8.4450   -4.4810
  QMMM:    17       17      C       16.5580   -9.7110   -5.1660
  QMMM:    18       18      H        0.5720    0.8470    0.5890
  QMMM:    19       19      H        0.6170   -0.9320    0.6280
  QMMM:    20       20      H        0.6090   -0.0960   -0.9200
  QMMM:    21       21      H        2.8630    0.0310    1.1520
  QMMM:    22       22      H        2.8550    0.8790   -0.4200
  QMMM:    23       23      H        4.8030   -1.1790    0.4850
  QMMM:    24       24      H        4.7970   -0.3350   -1.0730
  QMMM:    25       25      H        4.4950   -2.5180   -2.2550
  QMMM:    26       26      H        4.5010   -3.3620   -0.6960
  QMMM:    27       27      H        6.4450   -3.7220   -2.9150
  QMMM:    28       28      H        6.4480   -4.5670   -1.3570
  QMMM:    29       29      H        8.6880   -3.5870   -0.8310
  QMMM:    30       30      H        8.6850   -2.7440   -2.3900
  QMMM:    31       31      H       10.6340   -4.7950   -1.4890
  QMMM:    32       32      H       10.6310   -3.9540   -3.0490
  QMMM:    33       33      H       10.3300   -6.1390   -4.2260
  QMMM:    34       34      H       10.3330   -6.9800   -2.6660
  QMMM:    35       35      H       12.2740   -7.3520   -4.8830
  QMMM:    36       36      H       12.2800   -8.1930   -3.3220
  QMMM:    37       37      H       14.5200   -7.2120   -2.8020
  QMMM:    38       38      H       14.5140   -6.3700   -4.3610
  QMMM:    39       39      H       16.4670   -8.4170   -3.4520
  QMMM:    40       40      H       16.4610   -7.5680   -5.0230
  QMMM:    41       41      H       16.1810  -10.5960   -4.6430
  QMMM:    42       42      H       17.6510   -9.7580   -5.1950
  QMMM:    43       43      H       16.1760   -9.7590   -6.1920

--------------------------------------------------------------------------------
  RESULTS
--------------------------------------------------------------------------------

      iter         sqm energy              rms gradient
      ----    -------------------    -----------------------
xmin    10     -249.5322 kcal/mol        0.1461 kcal/(mol*A)
xmin    20     -249.5409 kcal/mol        0.0065 kcal/(mol*A)
xmin    30     -249.5413 kcal/mol        0.0043 kcal/(mol*A)
xmin    40     -249.5414 kcal/mol        0.0042 kcal/(mol*A)
xmin    50     -249.5415 kcal/mol        0.0024 kcal/(mol*A)
xmin    60     -249.5415 kcal/mol        0.0019 kcal/(mol*A)
  ... geometry converged !
 
 Final MO eigenvalues (eV):
 -39.8437  -39.5242  -39.0704  -38.5203  -38.0256  -33.0071  -32.6746  -31.6792
 -30.3807  -29.0447  -27.9651  -23.7929  -23.6308  -23.4473  -23.2586  -23.0881
 -23.0504  -18.4611  -18.0552  -17.8996  -17.5836  -17.3583  -17.1275  -16.6581
 -16.5395  -16.4845  -15.9093  -15.8704  -15.6949  -15.0137  -14.8097  -14.2851
 -14.2268  -13.8527  -13.5745  -13.2563  -13.1776  -12.9237  -12.5199  -12.4849
 -12.3915  -12.1966  -12.1692  -12.0195  -12.0162  -11.9945  -11.8492  -10.7807
 -10.6540  -10.5644  -10.4904  -10.4820    1.9106    2.4094    3.0085    3.5813
   3.7769    3.8111    3.8377    3.8547    3.9068    3.9100    3.9123    3.9346
   4.0294    4.0533    4.0974    4.1233    4.1418    4.1615    4.1742    4.2062
   4.2233    4.2730    4.2901    4.3811    4.4729    4.5473    4.5844    4.6229
   4.6858    4.6915    4.7114    4.7426    4.7736    4.8510    4.8519    4.9989
   4.9991    6.0269    6.0721    6.0805    6.1654    6.1670

 Heat of formation   =       -249.54149223 kcal/mol  (      -10.82093111 eV)

 Total SCF energy    =     -80667.25803026 kcal/mol  (    -3497.99479772 eV)
 Electronic energy   =    -452946.13753228 kcal/mol  (   -19641.21840043 eV)
 Core-core repulsion =     372278.87950202 kcal/mol  (    16143.22360271 eV)
 
    Atomic Charges for Step       1 :
  Atom    Element       Mulliken Charge
     1      C                 -0.215
     2      C                 -0.018
     3      O                 -0.285
     4      C                 -0.023
     5      C                 -0.020
     6      O                 -0.287
     7      C                 -0.020
     8      C                 -0.021
     9      O                 -0.286
    10      C                 -0.021
    11      C                 -0.020
    12      O                 -0.287
    13      C                 -0.020
    14      C                 -0.023
    15      O                 -0.285
    16      C                 -0.018
    17      C                 -0.215
    18      H                  0.080
    19      H                  0.087
    20      H                  0.088
    21      H                  0.065
    22      H                  0.065
    23      H                  0.079
    24      H                  0.079
    25      H                  0.082
    26      H                  0.082
    27      H                  0.082
    28      H                  0.082
    29      H                  0.081
    30      H                  0.081
    31      H                  0.081
    32      H                  0.081
    33      H                  0.082
    34      H                  0.082
    35      H                  0.082
    36      H                  0.082
    37      H                  0.079
    38      H                  0.079
    39      H                  0.065
    40      H                  0.065
    41      H                  0.088
    42      H                  0.080
    43      H                  0.087
 Total Mulliken Charge =      -0.000
 
                  X        Y        Z     TOTAL  
  QM DIPOLE     0.716    0.891    0.483    1.241
 
 Final Structure

  QMMM: QM Region Cartesian Coordinates (*=link atom) 
  QMMM: QM_NO.   MM_NO.  ATOM         X         Y         Z
  QMMM:     1        1      C        1.0737   -0.1298    0.0567
  QMMM:     2        2      C        2.5808   -0.0351    0.1050
  QMMM:     3        3      O        3.0883   -1.2069   -0.5335
  QMMM:     4        4      C        4.5128   -1.2318   -0.5496
  QMMM:     5        5      C        4.8963   -2.5286   -1.2562
  QMMM:     6        6      O        6.3226   -2.5533   -1.2701
  QMMM:     7        7      C        6.8244   -3.7256   -1.9086
  QMMM:     8        8      C        8.3447   -3.6100   -1.8459
  QMMM:     9        9      O        8.8467   -4.7830   -2.4832
  QMMM:    10       10      C       10.2727   -4.8075   -2.4975
  QMMM:    11       11      C       10.6553   -6.1058   -3.2022
  QMMM:    12       12      O       12.0811   -6.1294   -3.2177
  QMMM:    13       13      C       12.5832   -7.3030   -3.8547
  QMMM:    14       14      C       14.1035   -7.1869   -3.7946
  QMMM:    15       15      O       14.6062   -8.3585   -4.4309
  QMMM:    16       16      C       16.0335   -8.3870   -4.4488
  QMMM:    17       17      C       16.4356   -9.6665   -5.1443
  QMMM:    18       18      H        0.6317    0.7698    0.5466
  QMMM:    19       19      H        0.7240   -1.0465    0.5887
  QMMM:    20       20      H        0.7207   -0.1825   -1.0008
  QMMM:    21       21      H        2.9507    0.0029    1.1647
  QMMM:    22       22      H        2.9473    0.8758   -0.4402
  QMMM:    23       23      H        4.9120   -1.2182    0.4982
  QMMM:    24       24      H        4.9091   -0.3438   -1.1079
  QMMM:    25       25      H        4.5003   -2.5419   -2.3051
  QMMM:    26       26      H        4.5008   -3.4172   -0.6985
  QMMM:    27       27      H        6.4724   -3.7663   -2.9724
  QMMM:    28       28      H        6.4727   -4.6414   -1.3657
  QMMM:    29       29      H        8.6967   -3.5683   -0.7821
  QMMM:    30       30      H        8.6966   -2.6948   -2.3897
  QMMM:    31       31      H       10.6693   -4.7924   -1.4489
  QMMM:    32       32      H       10.6681   -3.9199   -3.0570
  QMMM:    33       33      H       10.2576   -6.1212   -4.2504
  QMMM:    34       34      H       10.2606   -6.9933   -2.6421
  QMMM:    35       35      H       12.2296   -7.3459   -4.9178
  QMMM:    36       36      H       12.2326   -8.2177   -3.3093
  QMMM:    37       37      H       14.4560   -7.1426   -2.7310
  QMMM:    38       38      H       14.4530   -6.2708   -4.3386
  QMMM:    39       39      H       16.4209   -8.3595   -3.3951
  QMMM:    40       40      H       16.4182   -7.4877   -5.0006
  QMMM:    41       41      H       16.0340  -10.5511   -4.5948
  QMMM:    42       42      H       17.5487   -9.7321   -5.1813
  QMMM:    43       43      H       16.0320   -9.6877   -6.1846

           --------- Calculation Completed ----------

