            --------------------------------------------------------
                             AMBER SQM VERSION 19
 
                                     By
              Ross C. Walker, Michael F. Crowley, Scott Brozell,
                         Tim Giese, Andreas W. Goetz,
                        Tai-Sung Lee and David A. Case
 
            --------------------------------------------------------
 

--------------------------------------------------------------------------------
  QM CALCULATION INFO
--------------------------------------------------------------------------------

| QMMM: Citation for AMBER QMMM Run:
| QMMM: R.C. Walker, M.F. Crowley and D.A. Case, J. COMP. CHEM. 29:1019, 2008

QMMM: SINGLET STATE CALCULATION
QMMM: RHF CALCULATION, NO. OF DOUBLY OCCUPIED LEVELS = 52

| QMMM: *** Selected Hamiltonian *** 
| QMMM: AM1         

| QMMM: *** Parameter sets in use ***
| QMMM: C : M.J.S.DEWAR et al. JACS, 107, 3902, (1985)
| QMMM: O : M.J.S.DEWAR et al. JACS, 107, 3902, (1985)
| QMMM: H : M.J.S.DEWAR et al. JACS, 107, 3902, (1985)

| QMMM: *** SCF convergence criteria ***
| QMMM: Energy change                :  0.1D-09 kcal/mol
| QMMM: Error matrix |FP-PF|         :  0.1D+00 au
| QMMM: Density matrix change        :  0.5D-06
| QMMM: Maximum number of SCF cycles :     1000

| QMMM: *** Diagonalization Routine Information ***
| QMMM: Pseudo diagonalizations are allowed.
| QMMM: Auto diagonalization routine selection is in use.
| QMMM:
| QMMM: Timing diagonalization routines:
| QMMM:                              norbs =       94
| QMMM:    diag iterations used for timing =       15
| QMMM:
| QMMM:              Internal diag routine = 0.014983 seconds
| QMMM:                 Dspev diag routine = 0.023926 seconds
| QMMM:                Dspevd diag routine = 0.020340 seconds
| QMMM:                Dspevx diag routine = 0.060948 seconds
| QMMM:                 Dsyev diag routine = 0.010001 seconds
| QMMM:                Dsyevd diag routine = 0.008196 seconds
| QMMM:                Dsyevr diag routine = 0.011193 seconds
| QMMM:
| QMMM:                Pseudo diag routine = 0.005616 seconds
| QMMM:
| QMMM: Using dsyevd routine (diag_routine=6).

  QMMM: QM Region Cartesian Coordinates (*=link atom) 
  QMMM: QM_NO.   MM_NO.  ATOM         X         Y         Z
  QMMM:     1        1      C        1.0490   -0.0130    0.0800
  QMMM:     2        2      C        2.5640    0.0210    0.1050
  QMMM:     3        3      O        3.0510   -0.9220   -0.8450
  QMMM:     4        4      C        4.4770   -0.9430   -0.8730
  QMMM:     5        5      C        4.9490   -1.9620   -1.9020
  QMMM:     6        6      O        6.3750   -1.9750   -1.9210
  QMMM:     7        7      C        6.8720   -2.9140   -2.8720
  QMMM:     8        8      C        8.3940   -2.8880   -2.8490
  QMMM:     9        9      O        8.8910   -3.8270   -3.7990
  QMMM:    10       10      C       10.3160   -3.8410   -3.8180
  QMMM:    11       11      C       10.7910   -4.8580   -4.8460
  QMMM:    12       12      O       12.2160   -4.8730   -4.8650
  QMMM:    13       13      C       12.7140   -5.8140   -5.8160
  QMMM:    14       14      C       14.2360   -5.7870   -5.7900
  QMMM:    15       15      O       14.7430   -6.7250   -6.7370
  QMMM:    16       16      C       16.1680   -6.7330   -6.7460
  QMMM:    17       17      C       16.6340   -7.7490   -7.7690
  QMMM:    18       18      H        0.6320    0.6980    0.7980
  QMMM:    19       19      H        0.6830   -1.0170    0.3210
  QMMM:    20       20      H        0.6750    0.2310   -0.9200
  QMMM:    21       21      H        2.9260   -0.2410    1.1060
  QMMM:    22       22      H        2.9190    1.0250   -0.1540
  QMMM:    23       23      H        4.8690   -1.2080    0.1160
  QMMM:    24       24      H        4.8630    0.0500   -1.1310
  QMMM:    25       25      H        4.5610   -1.6980   -2.8940
  QMMM:    26       26      H        4.5650   -2.9570   -1.6460
  QMMM:    27       27      H        6.5110   -2.6620   -3.8760
  QMMM:    28       28      H        6.5140   -3.9220   -2.6300
  QMMM:    29       29      H        8.7560   -3.1410   -1.8440
  QMMM:    30       30      H        8.7530   -1.8810   -3.0900
  QMMM:    31       31      H       10.7040   -4.1050   -2.8260
  QMMM:    32       32      H       10.7010   -2.8460   -4.0730
  QMMM:    33       33      H       10.4030   -4.5930   -5.8380
  QMMM:    34       34      H       10.4060   -5.8530   -4.5910
  QMMM:    35       35      H       12.3520   -5.5610   -6.8200
  QMMM:    36       36      H       12.3530   -6.8210   -5.5740
  QMMM:    37       37      H       14.5930   -6.0360   -4.7840
  QMMM:    38       38      H       14.5920   -4.7780   -6.0310
  QMMM:    39       39      H       16.5430   -7.0060   -5.7530
  QMMM:    40       40      H       16.5430   -5.7390   -7.0110
  QMMM:    41       41      H       16.2520   -8.7450   -7.5250
  QMMM:    42       42      H       17.7260   -7.7890   -7.8090
  QMMM:    43       43      H       16.2520   -7.4960   -8.7640

--------------------------------------------------------------------------------
  RESULTS
--------------------------------------------------------------------------------

      iter         sqm energy              rms gradient
      ----    -------------------    -----------------------
xmin    10     -249.5413 kcal/mol        0.0084 kcal/(mol*A)
xmin    20     -249.5415 kcal/mol        0.0061 kcal/(mol*A)
xmin    30     -249.5415 kcal/mol        0.0011 kcal/(mol*A)
  ... geometry converged !
 
 Final MO eigenvalues (eV):
 -39.8437  -39.5242  -39.0704  -38.5203  -38.0256  -33.0071  -32.6746  -31.6792
 -30.3808  -29.0447  -27.9650  -23.7929  -23.6308  -23.4473  -23.2586  -23.0882
 -23.0504  -18.4612  -18.0553  -17.8996  -17.5836  -17.3583  -17.1275  -16.6581
 -16.5395  -16.4845  -15.9093  -15.8704  -15.6949  -15.0137  -14.8097  -14.2851
 -14.2268  -13.8527  -13.5745  -13.2563  -13.1776  -12.9238  -12.5199  -12.4849
 -12.3915  -12.1965  -12.1692  -12.0195  -12.0162  -11.9945  -11.8492  -10.7807
 -10.6540  -10.5643  -10.4904  -10.4820    1.9106    2.4094    3.0085    3.5813
   3.7769    3.8111    3.8377    3.8547    3.9068    3.9100    3.9123    3.9346
   4.0294    4.0533    4.0974    4.1233    4.1418    4.1615    4.1742    4.2062
   4.2233    4.2730    4.2901    4.3811    4.4729    4.5473    4.5844    4.6229
   4.6858    4.6915    4.7114    4.7426    4.7736    4.8510    4.8519    4.9989
   4.9991    6.0269    6.0721    6.0805    6.1654    6.1671

 Heat of formation   =       -249.54148821 kcal/mol  (      -10.82093093 eV)

 Total SCF energy    =     -80667.25802624 kcal/mol  (    -3497.99479755 eV)
 Electronic energy   =    -452946.31323198 kcal/mol  (   -19641.22601934 eV)
 Core-core repulsion =     372279.05520575 kcal/mol  (    16143.23122179 eV)
 
    Atomic Charges for Step       1 :
  Atom    Element       Mulliken Charge
     1      C                 -0.215
     2      C                 -0.018
     3      O                 -0.285
     4      C                 -0.023
     5      C                 -0.020
     6      O                 -0.287
     7      C                 -0.020
     8      C                 -0.021
     9      O                 -0.286
    10      C                 -0.021
    11      C                 -0.020
    12      O                 -0.287
    13      C                 -0.020
    14      C                 -0.023
    15      O                 -0.285
    16      C                 -0.018
    17      C                 -0.215
    18      H                  0.080
    19      H                  0.087
    20      H                  0.088
    21      H                  0.065
    22      H                  0.065
    23      H                  0.079
    24      H                  0.079
    25      H                  0.082
    26      H                  0.082
    27      H                  0.082
    28      H                  0.082
    29      H                  0.081
    30      H                  0.081
    31      H                  0.081
    32      H                  0.081
    33      H                  0.082
    34      H                  0.082
    35      H                  0.081
    36      H                  0.082
    37      H                  0.079
    38      H                  0.079
    39      H                  0.065
    40      H                  0.065
    41      H                  0.087
    42      H                  0.080
    43      H                  0.087
 Total Mulliken Charge =       0.000
 
                  X        Y        Z     TOTAL  
  QM DIPOLE     0.716    0.714    0.719    1.241
 
 Final Structure

  QMMM: QM Region Cartesian Coordinates (*=link atom) 
  QMMM: QM_NO.   MM_NO.  ATOM         X         Y         Z
  QMMM:     1        1      C        1.1441   -0.0847    0.0072
  QMMM:     2        2      C        2.6512   -0.0061    0.0786
  QMMM:     3        3      O        3.1584   -0.9448   -0.8700
  QMMM:     4        4      C        4.5829   -0.9623   -0.8946
  QMMM:     5        5      C        4.9663   -2.0015   -1.9441
  QMMM:     6        6      O        6.3925   -2.0200   -1.9659
  QMMM:     7        7      C        6.8942   -2.9587   -2.9150
  QMMM:     8        8      C        8.4145   -2.8651   -2.8227
  QMMM:     9        9      O        8.9165   -3.8018   -3.7739
  QMMM:    10       10      C       10.3425   -3.8205   -3.7952
  QMMM:    11       11      C       10.7251   -4.8572   -4.8476
  QMMM:    12       12      O       12.1509   -4.8770   -4.8676
  QMMM:    13       13      C       12.6531   -5.8143   -5.8185
  QMMM:    14       14      C       14.1734   -5.7230   -5.7250
  QMMM:    15       15      O       14.6761   -6.6610   -6.6723
  QMMM:    16       16      C       16.1035   -6.6852   -6.6955
  QMMM:    17       17      C       16.5057   -7.7100   -7.7303
  QMMM:    18       18      H        0.7022    0.6358    0.7354
  QMMM:    19       19      H        0.7960   -1.1160    0.2541
  QMMM:    20       20      H        0.7893    0.1680   -1.0204
  QMMM:    21       21      H        3.0228   -0.2734    1.1041
  QMMM:    22       22      H        3.0161    1.0233   -0.1828
  QMMM:    23       23      H        4.9839   -1.2494    0.1125
  QMMM:    24       24      H        4.9777    0.0490   -1.1753
  QMMM:    25       25      H        4.5690   -1.7136   -2.9522
  QMMM:    26       26      H        4.5718   -3.0131   -1.6644
  QMMM:    27       27      H        6.5414   -2.6918   -3.9453
  QMMM:    28       28      H        6.5433   -3.9922   -2.6584
  QMMM:    29       29      H        8.7676   -3.1341   -1.7930
  QMMM:    30       30      H        8.7654   -1.8311   -3.0774
  QMMM:    31       31      H       10.7396   -4.1114   -2.7878
  QMMM:    32       32      H       10.7374   -2.8084   -4.0721
  QMMM:    33       33      H       10.3291   -4.5656   -5.8552
  QMMM:    34       34      H       10.3288   -5.8690   -4.5714
  QMMM:    35       35      H       12.3013   -5.5447   -6.8484
  QMMM:    36       36      H       12.3007   -6.8479   -5.5643
  QMMM:    37       37      H       14.5239   -5.9889   -4.6936
  QMMM:    38       38      H       14.5249   -4.6891   -5.9801
  QMMM:    39       39      H       16.4889   -6.9638   -5.6781
  QMMM:    40       40      H       16.4901   -5.6655   -6.9634
  QMMM:    41       41      H       16.1025   -8.7150   -7.4601
  QMMM:    42       42      H       17.6188   -7.7634   -7.7833
  QMMM:    43       43      H       16.1036   -7.4293   -8.7329

           --------- Calculation Completed ----------

